<?xml version="1.0" encoding="UTF-8"?>
<testsuite name="io.github.teamfractal.entity.LandPlotTest" tests="10" skipped="0" failures="0" errors="0" timestamp="2017-04-25T15:48:48" hostname="nas10-240-253-230.york.ac.uk" time="0.169">
  <properties/>
  <testcase name="setOwnerAlreadyOwnedTest" classname="io.github.teamfractal.entity.LandPlotTest" time="0.013"/>
  <testcase name="hasOwnerTest" classname="io.github.teamfractal.entity.LandPlotTest" time="0.0"/>
  <testcase name="hasRoboticonTest" classname="io.github.teamfractal.entity.LandPlotTest" time="0.007"/>
  <testcase name="getResourceTypeCustomisationTest" classname="io.github.teamfractal.entity.LandPlotTest" time="0.009"/>
  <testcase name="setOwnerUnownedTest" classname="io.github.teamfractal.entity.LandPlotTest" time="0.001"/>
  <testcase name="getResourceTypeRoboticonTest" classname="io.github.teamfractal.entity.LandPlotTest" time="0.046"/>
  <testcase name="getResourceTypeUnknownTest" classname="io.github.teamfractal.entity.LandPlotTest" time="0.005"/>
  <testcase name="getResourceTest" classname="io.github.teamfractal.entity.LandPlotTest" time="0.011"/>
  <testcase name="installedRoboticonAlreadyGotOneTest" classname="io.github.teamfractal.entity.LandPlotTest" time="0.003"/>
  <testcase name="installRoboticonAlreadyInstalledElsewhereTest" classname="io.github.teamfractal.entity.LandPlotTest" time="0.006"/>
  <system-out><![CDATA[]]></system-out>
  <system-err><![CDATA[]]></system-err>
</testsuite>
